Running: fuse.exe -relaunch -intstyle "ise" -incremental -o "Z:/picoblaze-processor/tb_arithmetic_unit_isim_beh.exe" -prj "Z:/picoblaze-processor/tb_arithmetic_unit_beh.prj" "work.tb_arithmetic_unit" 
ISim P.28xd (signature 0xa0883be4)
Number of CPUs detected in this system: 1
Turning on mult-threading, number of parallel sub-compilation jobs: 0 
Determining compilation order of HDL files
Parsing VHDL file "Z:/picoblaze-processor/carry-chain-addierer.vhd" into library work
Parsing VHDL file "Z:/picoblaze-processor/2-1-multiplexer.vhd" into library work
Parsing VHDL file "Z:/picoblaze-processor/arithmetic-unit.vhd" into library work
Parsing VHDL file "Z:/picoblaze-processor/tb_arithmeticunit.vhd" into library work
Starting static elaboration
Completed static elaboration
Compiling package standard
Compiling package std_logic_1164
Compiling package vcomponents
Compiling architecture behavior of entity Multiplexer_2_to_1 [multiplexer_2_to_1_default]
Compiling architecture muxcy_v of entity MUXCY [muxcy_default]
Compiling architecture xorcy_v of entity XORCY [xorcy_default]
Compiling architecture behavior of entity Full_Adder_3 [\Full_Adder_3(8)\]
Compiling architecture behavior of entity ArithmeticUnit [\ArithmeticUnit(8)\]
Compiling architecture behavior of entity tb_arithmetic_unit
Time Resolution for simulation is 1ps.
Compiled 14 VHDL Units
Built simulation executable Z:/picoblaze-processor/tb_arithmetic_unit_isim_beh.exe
Fuse Memory Usage: 41960 KB
Fuse CPU Usage: 1621 ms
